<?xml version="1.0" encoding="UTF-8"?>
<!-- Generated by org.testng.reporters.JUnitReportReporter -->
<testsuite hostname="Karishma" failures="0" tests="1" name="ApiChaining.Updateuser" time="1.055" errors="0" timestamp="2023-05-04T12:50:36 IST" skipped="0">
  <testcase classname="ApiChaining.Updateuser" name="test_updateuser" time="1.055"/>
  <system-out/>
</testsuite> <!-- ApiChaining.Updateuser -->
