<?xml version="1.0" encoding="UTF-8"?>
<!-- Generated by org.testng.reporters.JUnitReportReporter -->
<testsuite hostname="Karishma" failures="0" tests="2" name="put$HTTPRequests" time="3.740" errors="0" timestamp="2023-04-12T16:21:24 IST" skipped="0">
  <testcase classname="put$HTTPRequests" name="createUser" time="3.135"/>
  <system-out/>
  <testcase classname="put$HTTPRequests" name="updateUser" time="0.605"/>
  <system-out/>
</testsuite> <!-- put$HTTPRequests -->
