<?xml version="1.0" encoding="UTF-8"?>
<!-- Generated by org.testng.reporters.JUnitReportReporter -->
<testsuite hostname="Karishma" failures="0" tests="1" name="post$HTTPRequests" time="2.235" errors="0" timestamp="2023-04-12T15:54:30 IST" skipped="0">
  <testcase classname="post$HTTPRequests" name="createUser" time="2.235"/>
  <system-out/>
</testsuite> <!-- post$HTTPRequests -->
