<?xml version="1.0" encoding="UTF-8"?>
<!-- Generated by org.testng.reporters.JUnitReportReporter -->
<testsuite hostname="Karishma" failures="0" tests="1" name="cookiesandheaders.CookiesDemo" time="2.693" errors="0" timestamp="2023-04-18T10:21:21 IST" skipped="0">
  <testcase classname="cookiesandheaders.CookiesDemo" name="getCookiesinfo" time="2.693"/>
  <system-out/>
</testsuite> <!-- cookiesandheaders.CookiesDemo -->
