<?xml version="1.0" encoding="UTF-8"?>
<!-- Generated by org.testng.reporters.JUnitReportReporter -->
<testsuite hostname="Karishma" failures="0" tests="1" name="cookiesandheaders.PathandQueryParameters" time="6.755" errors="0" timestamp="2023-04-18T09:52:04 IST" skipped="0">
  <testcase classname="cookiesandheaders.PathandQueryParameters" name="testqueryandpathparameters" time="6.755"/>
  <system-out/>
</testsuite> <!-- cookiesandheaders.PathandQueryParameters -->
