<?xml version="1.0" encoding="UTF-8"?>
<!-- Generated by org.testng.reporters.JUnitReportReporter -->
<testsuite hostname="Karishma" failures="0" tests="6" name="api.test.DDTest" time="13.594" errors="0" timestamp="2023-05-17T12:01:12 IST" skipped="0">
  <testcase classname="api.test.DDTest" name="testPostUser" time="1.561"/>
  <system-out/>
  <testcase classname="api.test.DDTest" name="testPostUser" time="2.089"/>
  <system-out/>
  <testcase classname="api.test.DDTest" name="testPostUser" time="3.125"/>
  <system-out/>
  <testcase classname="api.test.DDTest" name="testDeleteUserbyName" time="2.366"/>
  <system-out/>
  <testcase classname="api.test.DDTest" name="testDeleteUserbyName" time="2.154"/>
  <system-out/>
  <testcase classname="api.test.DDTest" name="testDeleteUserbyName" time="2.299"/>
  <system-out/>
</testsuite> <!-- api.test.DDTest -->
