<?xml version="1.0" encoding="UTF-8"?>
<!-- Generated by org.testng.reporters.JUnitReportReporter -->
<testsuite hostname="Karishma" failures="0" tests="1" name="Fakerlibrary.fakerlibrary" time="0.336" errors="0" timestamp="2023-04-30T10:57:24 IST" skipped="0">
  <testcase classname="Fakerlibrary.fakerlibrary" name="testgenerateDummydata" time="0.336"/>
  <system-out/>
</testsuite> <!-- Fakerlibrary.fakerlibrary -->
