<?xml version="1.0" encoding="UTF-8"?>
<!-- Generated by org.testng.reporters.JUnitReportReporter -->
<testsuite hostname="Karishma" failures="0" tests="1" name="uploadanddownload.fileuploadanddownload" time="1.305" errors="0" timestamp="2023-04-26T19:01:59 IST" skipped="0">
  <testcase classname="uploadanddownload.fileuploadanddownload" name="fileDownload" time="1.305"/>
  <system-out/>
</testsuite> <!-- uploadanddownload.fileuploadanddownload -->
