<?xml version="1.0" encoding="UTF-8"?>
<!-- Generated by org.testng.reporters.JUnitReportReporter -->
<testsuite hostname="Karishma" failures="0" tests="1" name="ApiChaining.Getuser" time="1.116" errors="0" timestamp="2023-05-04T12:50:36 IST" skipped="0">
  <testcase classname="ApiChaining.Getuser" name="test_getuser" time="1.116"/>
  <system-out/>
</testsuite> <!-- ApiChaining.Getuser -->
