<?xml version="1.0" encoding="UTF-8"?>
<!-- Generated by org.testng.reporters.JUnitReportReporter -->
<testsuite hostname="Karishma" failures="0" tests="1" name="day1$HTTPRequests" time="5.674" errors="0" timestamp="2023-04-12T15:25:32 IST" skipped="0">
  <testcase classname="day1$HTTPRequests" name="getUser" time="5.674"/>
  <system-out/>
</testsuite> <!-- day1$HTTPRequests -->
