<?xml version="1.0" encoding="UTF-8"?>
<!-- Generated by org.testng.reporters.JUnitReportReporter -->
<testsuite hostname="Karishma" failures="0" tests="2" name="postrequestindifferentways.postrequest1" time="2.710" errors="0" timestamp="2023-04-13T15:41:31 IST" skipped="0">
  <testcase classname="postrequestindifferentways.postrequest1" name="testpostusingHashMap" time="2.655"/>
  <system-out/>
  <testcase classname="postrequestindifferentways.postrequest1" name="testDelete" time="0.055"/>
  <system-out/>
</testsuite> <!-- postrequestindifferentways.postrequest1 -->
