<?xml version="1.0" encoding="UTF-8"?>
<!-- Generated by org.testng.reporters.JUnitReportReporter -->
<testsuite hostname="Karishma" failures="0" tests="1" name="cookiesandheaders.logindemo" time="1.583" errors="0" timestamp="2023-04-24T15:40:38 IST" skipped="0">
  <testcase classname="cookiesandheaders.logindemo" name="testlogs" time="1.583"/>
  <system-out/>
</testsuite> <!-- cookiesandheaders.logindemo -->
