<?xml version="1.0" encoding="UTF-8"?>
<!-- Generated by org.testng.reporters.JUnitReportReporter -->
<testsuite hostname="Karishma" failures="0" tests="6" name="api.test.DDTest" time="12.229" errors="0" timestamp="2023-05-09T17:46:06 IST" skipped="0">
  <testcase classname="api.test.DDTest" name="testPostUser" time="1.511"/>
  <system-out/>
  <testcase classname="api.test.DDTest" name="testPostUser" time="1.559"/>
  <system-out/>
  <testcase classname="api.test.DDTest" name="testPostUser" time="3.803"/>
  <system-out/>
  <testcase classname="api.test.DDTest" name="testDeleteUserbyName" time="1.674"/>
  <system-out/>
  <testcase classname="api.test.DDTest" name="testDeleteUserbyName" time="1.737"/>
  <system-out/>
  <testcase classname="api.test.DDTest" name="testDeleteUserbyName" time="1.945"/>
  <system-out/>
</testsuite> <!-- api.test.DDTest -->
