<?xml version="1.0" encoding="UTF-8"?>
<!-- Generated by org.testng.reporters.JUnitReportReporter -->
<testsuite hostname="Karishma" failures="0" tests="1" name="cookiesandheaders.headers" time="2.269" errors="0" timestamp="2023-04-24T15:34:41 IST" skipped="0">
  <testcase classname="cookiesandheaders.headers" name="testHeaders" time="2.269"/>
  <system-out/>
</testsuite> <!-- cookiesandheaders.headers -->
