<?xml version="1.0" encoding="UTF-8"?>
<!-- Generated by org.testng.reporters.JUnitReportReporter -->
<testsuite hostname="Karishma" failures="0" tests="1" name="allrequest.post$HTTPRequests" time="0.979" errors="0" timestamp="2023-04-18T15:16:19 IST" skipped="0">
  <testcase classname="allrequest.post$HTTPRequests" name="createUser" time="0.979"/>
  <system-out/>
</testsuite> <!-- allrequest.post$HTTPRequests -->
