<?xml version="1.0" encoding="UTF-8"?>
<!-- Generated by org.testng.reporters.JUnitReportReporter -->
<testsuite hostname="Karishma" failures="0" tests="6" name="api.test.DDTest" time="11.976" errors="0" timestamp="2023-05-09T15:36:11 IST" skipped="0">
  <testcase classname="api.test.DDTest" name="testPostUser" time="1.624"/>
  <system-out/>
  <testcase classname="api.test.DDTest" name="testPostUser" time="3.729"/>
  <system-out/>
  <testcase classname="api.test.DDTest" name="testPostUser" time="1.676"/>
  <system-out/>
  <testcase classname="api.test.DDTest" name="testDeleteUserbyName" time="1.580"/>
  <system-out/>
  <testcase classname="api.test.DDTest" name="testDeleteUserbyName" time="1.636"/>
  <system-out/>
  <testcase classname="api.test.DDTest" name="testDeleteUserbyName" time="1.731"/>
  <system-out/>
</testsuite> <!-- api.test.DDTest -->
