<?xml version="1.0" encoding="UTF-8"?>
<!-- Generated by org.testng.reporters.JUnitReportReporter -->
<testsuite hostname="Karishma" failures="0" tests="3" name="delete$HTTPRequests" time="4.783" errors="0" timestamp="2023-04-12T16:24:19 IST" skipped="0">
  <testcase classname="delete$HTTPRequests" name="createUser" time="3.657"/>
  <system-out/>
  <testcase classname="delete$HTTPRequests" name="updateUser" time="0.585"/>
  <system-out/>
  <testcase classname="delete$HTTPRequests" name="deleteUser" time="0.541"/>
  <system-out/>
</testsuite> <!-- delete$HTTPRequests -->
