<?xml version="1.0" encoding="UTF-8"?>
<!-- Generated by org.testng.reporters.JUnitReportReporter -->
<testsuite hostname="Karishma" failures="0" tests="1" name="Authentication.authentication" time="2.060" errors="0" timestamp="2023-04-30T10:42:15 IST" skipped="0">
  <testcase classname="Authentication.authentication" name="testAPIKeyAuthentication" time="2.060"/>
  <system-out/>
</testsuite> <!-- Authentication.authentication -->
