<?xml version="1.0" encoding="UTF-8"?>
<!-- Generated by org.testng.reporters.JUnitReportReporter -->
<testsuite hostname="Karishma" failures="0" tests="3" name="allrequest.delete$HTTPRequests" time="4.812" errors="0" timestamp="2023-04-18T15:16:19 IST" skipped="0">
  <testcase classname="allrequest.delete$HTTPRequests" name="createUser" time="3.470"/>
  <system-out/>
  <testcase classname="allrequest.delete$HTTPRequests" name="updateUser" time="0.734"/>
  <system-out/>
  <testcase classname="allrequest.delete$HTTPRequests" name="deleteUser" time="0.608"/>
  <system-out/>
</testsuite> <!-- allrequest.delete$HTTPRequests -->
