<?xml version="1.0" encoding="UTF-8"?>
<!-- Generated by org.testng.reporters.JUnitReportReporter -->
<testsuite hostname="Karishma" failures="0" tests="2" name="postrequestindifferentways.postrequest2" time="2.271" errors="0" timestamp="2023-04-13T16:08:35 IST" skipped="0">
  <testcase classname="postrequestindifferentways.postrequest2" name="testpostusingOrgjsonlibrary" time="2.229"/>
  <system-out/>
  <testcase classname="postrequestindifferentways.postrequest2" name="testDelete" time="0.042"/>
  <system-out/>
</testsuite> <!-- postrequestindifferentways.postrequest2 -->
