<?xml version="1.0" encoding="UTF-8"?>
<!-- Generated by org.testng.reporters.JUnitReportReporter -->
<testsuite hostname="Karishma" failures="0" tests="1" name="allrequest.get$HTTPRequests" time="2.281" errors="0" timestamp="2023-04-27T10:50:11 IST" skipped="0">
  <testcase classname="allrequest.get$HTTPRequests" name="getUser" time="2.281"/>
  <system-out/>
</testsuite> <!-- allrequest.get$HTTPRequests -->
