<?xml version="1.0" encoding="UTF-8"?>
<!-- Generated by org.testng.reporters.JUnitReportReporter -->
<testsuite hostname="Karishma" failures="0" tests="3" name="parsingxmlresponsebody.xmlresponse" time="3.285" errors="0" timestamp="2023-04-26T18:09:46 IST" skipped="0">
  <testcase classname="parsingxmlresponsebody.xmlresponse" name="testXMLResponse" time="2.879"/>
  <system-out/>
  <testcase classname="parsingxmlresponsebody.xmlresponse" name="testXMLResponse1" time="0.215"/>
  <system-out/>
  <testcase classname="parsingxmlresponsebody.xmlresponse" name="testXMLResponsebody" time="0.191"/>
  <system-out/>
</testsuite> <!-- parsingxmlresponsebody.xmlresponse -->
