<?xml version="1.0" encoding="UTF-8"?>
<!-- Generated by org.testng.reporters.JUnitReportReporter -->
<testsuite hostname="Karishma" failures="0" tests="2" name="allrequest.put$HTTPRequests" time="1.493" errors="0" timestamp="2023-04-18T15:16:19 IST" skipped="0">
  <testcase classname="allrequest.put$HTTPRequests" name="createUser" time="0.891"/>
  <system-out/>
  <testcase classname="allrequest.put$HTTPRequests" name="updateUser" time="0.602"/>
  <system-out/>
</testsuite> <!-- allrequest.put$HTTPRequests -->
