<?xml version="1.0" encoding="UTF-8"?>
<!-- Generated by org.testng.reporters.JUnitReportReporter -->
<testsuite hostname="Karishma" failures="0" tests="4" name="api.test.UserTest" time="9.648" errors="0" timestamp="2023-05-08T11:44:31 IST" skipped="0">
  <testcase classname="api.test.UserTest" name="testPostUser" time="3.597"/>
  <system-out/>
  <testcase classname="api.test.UserTest" name="testGetUserbyName" time="1.547"/>
  <system-out/>
  <testcase classname="api.test.UserTest" name="testUpdateUserbyName" time="3.013"/>
  <system-out/>
  <testcase classname="api.test.UserTest" name="testDeleteUserbyName" time="1.491"/>
  <system-out/>
</testsuite> <!-- api.test.UserTest -->
